{"/home/runner/work/AinBot/AinBot/Commands/Dev/eval.js": {"path":"/home/runner/work/AinBot/AinBot/Commands/Dev/eval.js","statementMap":{"0":{"start":{"line":1,"column":96},"end":{"line":1,"column":117}},"1":{"start":{"line":3,"column":0},"end":{"line":101,"column":2}},"2":{"start":{"line":9,"column":31},"end":{"line":14,"column":27}},"3":{"start":{"line":21,"column":34},"end":{"line":21,"column":45}},"4":{"start":{"line":22,"column":21},"end":{"line":22,"column":46}},"5":{"start":{"line":24,"column":8},"end":{"line":24,"column":58}},"6":{"start":{"line":27,"column":33},"end":{"line":27,"column":96}},"7":{"start":{"line":28,"column":8},"end":{"line":30,"column":9}},"8":{"start":{"line":29,"column":12},"end":{"line":29,"column":133}},"9":{"start":{"line":32,"column":32},"end":{"line":47,"column":9}},"10":{"start":{"line":33,"column":12},"end":{"line":46,"column":15}},"11":{"start":{"line":34,"column":36},"end":{"line":34,"column":78}},"12":{"start":{"line":35,"column":34},"end":{"line":35,"column":113}},"13":{"start":{"line":35,"column":51},"end":{"line":35,"column":103}},"14":{"start":{"line":37,"column":16},"end":{"line":45,"column":23}},"15":{"start":{"line":39,"column":24},"end":{"line":39,"column":48}},"16":{"start":{"line":40,"column":24},"end":{"line":40,"column":40}},"17":{"start":{"line":43,"column":24},"end":{"line":43,"column":48}},"18":{"start":{"line":44,"column":24},"end":{"line":44,"column":36}},"19":{"start":{"line":49,"column":8},"end":{"line":98,"column":9}},"20":{"start":{"line":50,"column":30},"end":{"line":50,"column":46}},"21":{"start":{"line":51,"column":27},"end":{"line":51,"column":54}},"22":{"start":{"line":52,"column":12},"end":{"line":52,"column":105}},"23":{"start":{"line":52,"column":46},"end":{"line":52,"column":105}},"24":{"start":{"line":54,"column":23},"end":{"line":54,"column":38}},"25":{"start":{"line":55,"column":12},"end":{"line":59,"column":13}},"26":{"start":{"line":56,"column":16},"end":{"line":56,"column":68}},"27":{"start":{"line":57,"column":19},"end":{"line":59,"column":13}},"28":{"start":{"line":58,"column":16},"end":{"line":58,"column":34}},"29":{"start":{"line":61,"column":28},"end":{"line":61,"column":53}},"30":{"start":{"line":62,"column":34},"end":{"line":62,"column":83}},"31":{"start":{"line":63,"column":31},"end":{"line":63,"column":67}},"32":{"start":{"line":64,"column":33},"end":{"line":64,"column":63}},"33":{"start":{"line":65,"column":32},"end":{"line":65,"column":96}},"34":{"start":{"line":67,"column":12},"end":{"line":81,"column":15}},"35":{"start":{"line":83,"column":34},"end":{"line":83,"column":60}},"36":{"start":{"line":84,"column":30},"end":{"line":84,"column":88}},"37":{"start":{"line":86,"column":12},"end":{"line":97,"column":15}},"38":{"start":{"line":105,"column":4},"end":{"line":105,"column":81}}},"fnMap":{"0":{"name":"(anonymous_0)","decl":{"start":{"line":9,"column":21},"end":{"line":9,"column":22}},"loc":{"start":{"line":9,"column":31},"end":{"line":14,"column":27}},"line":9},"1":{"name":"(anonymous_1)","decl":{"start":{"line":19,"column":4},"end":{"line":19,"column":5}},"loc":{"start":{"line":19,"column":31},"end":{"line":100,"column":5}},"line":19},"2":{"name":"(anonymous_2)","decl":{"start":{"line":32,"column":32},"end":{"line":32,"column":33}},"loc":{"start":{"line":32,"column":58},"end":{"line":47,"column":9}},"line":32},"3":{"name":"(anonymous_3)","decl":{"start":{"line":33,"column":31},"end":{"line":33,"column":32}},"loc":{"start":{"line":33,"column":52},"end":{"line":46,"column":13}},"line":33},"4":{"name":"(anonymous_4)","decl":{"start":{"line":35,"column":45},"end":{"line":35,"column":46}},"loc":{"start":{"line":35,"column":51},"end":{"line":35,"column":103}},"line":35},"5":{"name":"(anonymous_5)","decl":{"start":{"line":38,"column":26},"end":{"line":38,"column":27}},"loc":{"start":{"line":38,"column":36},"end":{"line":41,"column":21}},"line":38},"6":{"name":"(anonymous_6)","decl":{"start":{"line":42,"column":27},"end":{"line":42,"column":28}},"loc":{"start":{"line":42,"column":34},"end":{"line":45,"column":21}},"line":42},"7":{"name":"truncate","decl":{"start":{"line":104,"column":9},"end":{"line":104,"column":17}},"loc":{"start":{"line":104,"column":35},"end":{"line":106,"column":1}},"line":104}},"branchMap":{"0":{"loc":{"start":{"line":28,"column":8},"end":{"line":30,"column":9}},"type":"if","locations":[{"start":{"line":28,"column":8},"end":{"line":30,"column":9}},{"start":{},"end":{}}],"line":28},"1":{"loc":{"start":{"line":32,"column":39},"end":{"line":32,"column":53}},"type":"default-arg","locations":[{"start":{"line":32,"column":49},"end":{"line":32,"column":53}}],"line":32},"2":{"loc":{"start":{"line":52,"column":12},"end":{"line":52,"column":105}},"type":"if","locations":[{"start":{"line":52,"column":12},"end":{"line":52,"column":105}},{"start":{},"end":{}}],"line":52},"3":{"loc":{"start":{"line":55,"column":12},"end":{"line":59,"column":13}},"type":"if","locations":[{"start":{"line":55,"column":12},"end":{"line":59,"column":13}},{"start":{"line":57,"column":19},"end":{"line":59,"column":13}}],"line":55},"4":{"loc":{"start":{"line":55,"column":16},"end":{"line":55,"column":54}},"type":"binary-expr","locations":[{"start":{"line":55,"column":16},"end":{"line":55,"column":33}},{"start":{"line":55,"column":37},"end":{"line":55,"column":54}}],"line":55},"5":{"loc":{"start":{"line":56,"column":23},"end":{"line":56,"column":67}},"type":"cond-expr","locations":[{"start":{"line":56,"column":49},"end":{"line":56,"column":56}},{"start":{"line":56,"column":59},"end":{"line":56,"column":67}}],"line":56},"6":{"loc":{"start":{"line":57,"column":19},"end":{"line":59,"column":13}},"type":"if","locations":[{"start":{"line":57,"column":19},"end":{"line":59,"column":13}},{"start":{},"end":{}}],"line":57},"7":{"loc":{"start":{"line":65,"column":32},"end":{"line":65,"column":96}},"type":"cond-expr","locations":[{"start":{"line":65,"column":52},"end":{"line":65,"column":72}},{"start":{"line":65,"column":75},"end":{"line":65,"column":96}}],"line":65},"8":{"loc":{"start":{"line":84,"column":30},"end":{"line":84,"column":88}},"type":"cond-expr","locations":[{"start":{"line":84,"column":46},"end":{"line":84,"column":65}},{"start":{"line":84,"column":68},"end":{"line":84,"column":88}}],"line":84},"9":{"loc":{"start":{"line":90,"column":64},"end":{"line":90,"column":109}},"type":"cond-expr","locations":[{"start":{"line":90,"column":80},"end":{"line":90,"column":99}},{"start":{"line":90,"column":102},"end":{"line":90,"column":109}}],"line":90},"10":{"loc":{"start":{"line":105,"column":11},"end":{"line":105,"column":80}},"type":"cond-expr","locations":[{"start":{"line":105,"column":37},"end":{"line":105,"column":73}},{"start":{"line":105,"column":76},"end":{"line":105,"column":80}}],"line":105}},"s":{"0":3,"1":3,"2":3,"3":18,"4":18,"5":18,"6":18,"7":18,"8":6,"9":12,"10":12,"11":12,"12":11,"13":0,"14":11,"15":8,"16":8,"17":3,"18":3,"19":12,"20":12,"21":12,"22":8,"23":4,"24":8,"25":8,"26":0,"27":8,"28":0,"29":8,"30":8,"31":8,"32":8,"33":8,"34":8,"35":4,"36":4,"37":4,"38":24},"f":{"0":3,"1":18,"2":12,"3":12,"4":0,"5":8,"6":3,"7":24},"b":{"0":[6,12],"1":[12],"2":[4,4],"3":[0,8],"4":[8,0],"5":[0,0],"6":[0,8],"7":[1,7],"8":[1,3],"9":[1,3],"10":[2,22]},"_coverageSchema":"1a1c01bbd47fc00a2c39e90264f33305004495a9","hash":"a608bbfcf8f96dc77b5345d6c8d3d7f57413600e"}
,"/home/runner/work/AinBot/AinBot/Commands/Utils/ping.js": {"path":"/home/runner/work/AinBot/AinBot/Commands/Utils/ping.js","statementMap":{"0":{"start":{"line":1,"column":75},"end":{"line":1,"column":96}},"1":{"start":{"line":3,"column":0},"end":{"line":34,"column":2}},"2":{"start":{"line":14,"column":8},"end":{"line":14,"column":47}},"3":{"start":{"line":16,"column":24},"end":{"line":16,"column":65}},"4":{"start":{"line":17,"column":24},"end":{"line":17,"column":62}},"5":{"start":{"line":19,"column":26},"end":{"line":29,"column":10}},"6":{"start":{"line":31,"column":8},"end":{"line":31,"column":57}}},"fnMap":{"0":{"name":"(anonymous_0)","decl":{"start":{"line":12,"column":4},"end":{"line":12,"column":5}},"loc":{"start":{"line":12,"column":31},"end":{"line":33,"column":5}},"line":12}},"branchMap":{},"s":{"0":4,"1":4,"2":6,"3":6,"4":6,"5":6,"6":6},"f":{"0":6},"b":{},"_coverageSchema":"1a1c01bbd47fc00a2c39e90264f33305004495a9","hash":"e5983da9f34ad5a8696394ed2261d2b104d90bf7"}
,"/home/runner/work/AinBot/AinBot/Events/Client/ready.js": {"path":"/home/runner/work/AinBot/AinBot/Events/Client/ready.js","statementMap":{"0":{"start":{"line":1,"column":25},"end":{"line":1,"column":62}},"1":{"start":{"line":2,"column":55},"end":{"line":2,"column":76}},"2":{"start":{"line":4,"column":21},"end":{"line":4,"column":56}},"3":{"start":{"line":5,"column":13},"end":{"line":5,"column":31}},"4":{"start":{"line":7,"column":0},"end":{"line":23,"column":2}},"5":{"start":{"line":16,"column":8},"end":{"line":16,"column":29}},"6":{"start":{"line":18,"column":8},"end":{"line":18,"column":133}},"7":{"start":{"line":20,"column":8},"end":{"line":20,"column":110}}},"fnMap":{"0":{"name":"(anonymous_0)","decl":{"start":{"line":14,"column":4},"end":{"line":14,"column":5}},"loc":{"start":{"line":14,"column":26},"end":{"line":22,"column":5}},"line":14}},"branchMap":{},"s":{"0":2,"1":2,"2":2,"3":2,"4":2,"5":4,"6":4,"7":4},"f":{"0":4},"b":{},"_coverageSchema":"1a1c01bbd47fc00a2c39e90264f33305004495a9","hash":"d0478a7d81f760e60bc86fbe133c58ab07f1cbee"}
,"/home/runner/work/AinBot/AinBot/Events/Interactions/intrHandler.js": {"path":"/home/runner/work/AinBot/AinBot/Events/Interactions/intrHandler.js","statementMap":{"0":{"start":{"line":1,"column":40},"end":{"line":1,"column":61}},"1":{"start":{"line":3,"column":0},"end":{"line":34,"column":2}},"2":{"start":{"line":10,"column":8},"end":{"line":32,"column":9}},"3":{"start":{"line":11,"column":28},"end":{"line":11,"column":72}},"4":{"start":{"line":12,"column":12},"end":{"line":16,"column":19}},"5":{"start":{"line":13,"column":16},"end":{"line":16,"column":19}},"6":{"start":{"line":18,"column":12},"end":{"line":22,"column":19}},"7":{"start":{"line":19,"column":16},"end":{"line":22,"column":19}},"8":{"start":{"line":24,"column":12},"end":{"line":24,"column":49}},"9":{"start":{"line":25,"column":15},"end":{"line":32,"column":9}},"10":{"start":{"line":26,"column":29},"end":{"line":26,"column":60}},"11":{"start":{"line":27,"column":27},"end":{"line":27,"column":58}},"12":{"start":{"line":28,"column":12},"end":{"line":28,"column":32}},"13":{"start":{"line":28,"column":25},"end":{"line":28,"column":32}},"14":{"start":{"line":29,"column":12},"end":{"line":29,"column":67}},"15":{"start":{"line":31,"column":12},"end":{"line":31,"column":19}}},"fnMap":{"0":{"name":"(anonymous_0)","decl":{"start":{"line":9,"column":4},"end":{"line":9,"column":5}},"loc":{"start":{"line":9,"column":39},"end":{"line":33,"column":5}},"line":9}},"branchMap":{"0":{"loc":{"start":{"line":10,"column":8},"end":{"line":32,"column":9}},"type":"if","locations":[{"start":{"line":10,"column":8},"end":{"line":32,"column":9}},{"start":{"line":25,"column":15},"end":{"line":32,"column":9}}],"line":10},"1":{"loc":{"start":{"line":12,"column":12},"end":{"line":16,"column":19}},"type":"if","locations":[{"start":{"line":12,"column":12},"end":{"line":16,"column":19}},{"start":{},"end":{}}],"line":12},"2":{"loc":{"start":{"line":18,"column":12},"end":{"line":22,"column":19}},"type":"if","locations":[{"start":{"line":18,"column":12},"end":{"line":22,"column":19}},{"start":{},"end":{}}],"line":18},"3":{"loc":{"start":{"line":18,"column":16},"end":{"line":18,"column":94}},"type":"binary-expr","locations":[{"start":{"line":18,"column":16},"end":{"line":18,"column":33}},{"start":{"line":18,"column":37},"end":{"line":18,"column":94}}],"line":18},"4":{"loc":{"start":{"line":25,"column":15},"end":{"line":32,"column":9}},"type":"if","locations":[{"start":{"line":25,"column":15},"end":{"line":32,"column":9}},{"start":{"line":30,"column":15},"end":{"line":32,"column":9}}],"line":25},"5":{"loc":{"start":{"line":28,"column":12},"end":{"line":28,"column":32}},"type":"if","locations":[{"start":{"line":28,"column":12},"end":{"line":28,"column":32}},{"start":{},"end":{}}],"line":28}},"s":{"0":2,"1":2,"2":8,"3":4,"4":4,"5":1,"6":3,"7":1,"8":2,"9":4,"10":3,"11":3,"12":3,"13":1,"14":2,"15":1},"f":{"0":8},"b":{"0":[4,4],"1":[1,3],"2":[1,2],"3":[3,2],"4":[3,1],"5":[1,2]},"_coverageSchema":"1a1c01bbd47fc00a2c39e90264f33305004495a9","hash":"cac8356f876ab43b53221104931fffb18e17df0f"}
,"/home/runner/work/AinBot/AinBot/Functions/fileLoader.js": {"path":"/home/runner/work/AinBot/AinBot/Functions/fileLoader.js","statementMap":{"0":{"start":{"line":1,"column":17},"end":{"line":1,"column":32}},"1":{"start":{"line":2,"column":22},"end":{"line":2,"column":37}},"2":{"start":{"line":3,"column":16},"end":{"line":3,"column":31}},"3":{"start":{"line":6,"column":18},"end":{"line":6,"column":90}},"4":{"start":{"line":7,"column":4},"end":{"line":7,"column":67}},"5":{"start":{"line":7,"column":28},"end":{"line":7,"column":65}},"6":{"start":{"line":8,"column":4},"end":{"line":8,"column":17}},"7":{"start":{"line":10,"column":0},"end":{"line":12,"column":2}}},"fnMap":{"0":{"name":"loadFiles","decl":{"start":{"line":5,"column":15},"end":{"line":5,"column":24}},"loc":{"start":{"line":5,"column":34},"end":{"line":9,"column":1}},"line":5},"1":{"name":"(anonymous_1)","decl":{"start":{"line":7,"column":18},"end":{"line":7,"column":19}},"loc":{"start":{"line":7,"column":28},"end":{"line":7,"column":65}},"line":7}},"branchMap":{},"s":{"0":6,"1":6,"2":6,"3":6,"4":5,"5":3,"6":5,"7":6},"f":{"0":6,"1":3},"b":{},"_coverageSchema":"1a1c01bbd47fc00a2c39e90264f33305004495a9","hash":"09d19f149f4bc782190b52485c2a0da5ce61356a"}
,"/home/runner/work/AinBot/AinBot/Utils/CustomLogger.js": {"path":"/home/runner/work/AinBot/AinBot/Utils/CustomLogger.js","statementMap":{"0":{"start":{"line":1,"column":24},"end":{"line":1,"column":50}},"1":{"start":{"line":5,"column":8},"end":{"line":5,"column":40}},"2":{"start":{"line":9,"column":8},"end":{"line":9,"column":34}},"3":{"start":{"line":13,"column":0},"end":{"line":13,"column":30}}},"fnMap":{"0":{"name":"(anonymous_0)","decl":{"start":{"line":4,"column":4},"end":{"line":4,"column":5}},"loc":{"start":{"line":4,"column":18},"end":{"line":6,"column":5}},"line":4},"1":{"name":"(anonymous_1)","decl":{"start":{"line":8,"column":4},"end":{"line":8,"column":5}},"loc":{"start":{"line":8,"column":17},"end":{"line":10,"column":5}},"line":8}},"branchMap":{},"s":{"0":1,"1":6,"2":5,"3":1},"f":{"0":6,"1":5},"b":{},"_coverageSchema":"1a1c01bbd47fc00a2c39e90264f33305004495a9","hash":"188cdf269f2c01af1749a59d4292aafcc65a1cc5"}
,"/home/runner/work/AinBot/AinBot/Utils/commandHandler.js": {"path":"/home/runner/work/AinBot/AinBot/Utils/commandHandler.js","statementMap":{"0":{"start":{"line":2,"column":26},"end":{"line":2,"column":60}},"1":{"start":{"line":3,"column":25},"end":{"line":3,"column":57}},"2":{"start":{"line":4,"column":17},"end":{"line":4,"column":32}},"3":{"start":{"line":5,"column":17},"end":{"line":5,"column":35}},"4":{"start":{"line":7,"column":4},"end":{"line":7,"column":52}},"5":{"start":{"line":8,"column":4},"end":{"line":8,"column":34}},"6":{"start":{"line":10,"column":24},"end":{"line":10,"column":26}},"7":{"start":{"line":12,"column":18},"end":{"line":12,"column":45}},"8":{"start":{"line":14,"column":4},"end":{"line":26,"column":7}},"9":{"start":{"line":15,"column":24},"end":{"line":15,"column":37}},"10":{"start":{"line":16,"column":25},"end":{"line":16,"column":44}},"11":{"start":{"line":17,"column":8},"end":{"line":17,"column":56}},"12":{"start":{"line":19,"column":8},"end":{"line":19,"column":50}},"13":{"start":{"line":21,"column":8},"end":{"line":25,"column":9}},"14":{"start":{"line":22,"column":12},"end":{"line":22,"column":65}},"15":{"start":{"line":24,"column":12},"end":{"line":24,"column":81}},"16":{"start":{"line":28,"column":4},"end":{"line":28,"column":51}},"17":{"start":{"line":30,"column":4},"end":{"line":30,"column":68}},"18":{"start":{"line":33,"column":0},"end":{"line":33,"column":34}}},"fnMap":{"0":{"name":"loadCommands","decl":{"start":{"line":1,"column":15},"end":{"line":1,"column":27}},"loc":{"start":{"line":1,"column":36},"end":{"line":31,"column":1}},"line":1},"1":{"name":"(anonymous_1)","decl":{"start":{"line":14,"column":18},"end":{"line":14,"column":19}},"loc":{"start":{"line":14,"column":28},"end":{"line":26,"column":5}},"line":14}},"branchMap":{},"s":{"0":7,"1":7,"2":7,"3":7,"4":7,"5":7,"6":7,"7":7,"8":7,"9":5,"10":5,"11":5,"12":5,"13":5,"14":5,"15":1,"16":7,"17":7,"18":2},"f":{"0":7,"1":5},"b":{},"_coverageSchema":"1a1c01bbd47fc00a2c39e90264f33305004495a9","hash":"6031b87c0125d11e2f833899847f86c21a43ab4a"}
,"/home/runner/work/AinBot/AinBot/Utils/eventHandler.js": {"path":"/home/runner/work/AinBot/AinBot/Utils/eventHandler.js","statementMap":{"0":{"start":{"line":2,"column":26},"end":{"line":2,"column":60}},"1":{"start":{"line":3,"column":25},"end":{"line":3,"column":57}},"2":{"start":{"line":4,"column":17},"end":{"line":4,"column":35}},"3":{"start":{"line":6,"column":4},"end":{"line":6,"column":32}},"4":{"start":{"line":8,"column":18},"end":{"line":8,"column":43}},"5":{"start":{"line":10,"column":4},"end":{"line":29,"column":5}},"6":{"start":{"line":11,"column":8},"end":{"line":28,"column":9}},"7":{"start":{"line":12,"column":26},"end":{"line":12,"column":39}},"8":{"start":{"line":14,"column":28},"end":{"line":14,"column":71}},"9":{"start":{"line":14,"column":41},"end":{"line":14,"column":71}},"10":{"start":{"line":15,"column":12},"end":{"line":15,"column":51}},"11":{"start":{"line":17,"column":12},"end":{"line":23,"column":13}},"12":{"start":{"line":18,"column":16},"end":{"line":19,"column":57}},"13":{"start":{"line":18,"column":32},"end":{"line":18,"column":70}},"14":{"start":{"line":19,"column":21},"end":{"line":19,"column":57}},"15":{"start":{"line":21,"column":16},"end":{"line":22,"column":52}},"16":{"start":{"line":21,"column":32},"end":{"line":21,"column":65}},"17":{"start":{"line":22,"column":21},"end":{"line":22,"column":52}},"18":{"start":{"line":25,"column":12},"end":{"line":25,"column":54}},"19":{"start":{"line":27,"column":12},"end":{"line":27,"column":66}},"20":{"start":{"line":31,"column":4},"end":{"line":31,"column":55}},"21":{"start":{"line":34,"column":0},"end":{"line":34,"column":32}}},"fnMap":{"0":{"name":"loadEvents","decl":{"start":{"line":1,"column":15},"end":{"line":1,"column":25}},"loc":{"start":{"line":1,"column":35},"end":{"line":32,"column":1}},"line":1},"1":{"name":"(anonymous_1)","decl":{"start":{"line":14,"column":28},"end":{"line":14,"column":29}},"loc":{"start":{"line":14,"column":41},"end":{"line":14,"column":71}},"line":14}},"branchMap":{"0":{"loc":{"start":{"line":17,"column":12},"end":{"line":23,"column":13}},"type":"if","locations":[{"start":{"line":17,"column":12},"end":{"line":23,"column":13}},{"start":{"line":20,"column":19},"end":{"line":23,"column":13}}],"line":17},"1":{"loc":{"start":{"line":18,"column":16},"end":{"line":19,"column":57}},"type":"if","locations":[{"start":{"line":18,"column":16},"end":{"line":19,"column":57}},{"start":{"line":19,"column":21},"end":{"line":19,"column":57}}],"line":18},"2":{"loc":{"start":{"line":21,"column":16},"end":{"line":22,"column":52}},"type":"if","locations":[{"start":{"line":21,"column":16},"end":{"line":22,"column":52}},{"start":{"line":22,"column":21},"end":{"line":22,"column":52}}],"line":21}},"s":{"0":9,"1":9,"2":9,"3":9,"4":9,"5":9,"6":8,"7":8,"8":8,"9":1,"10":8,"11":7,"12":2,"13":1,"14":1,"15":5,"16":2,"17":3,"18":7,"19":1,"20":9,"21":1},"f":{"0":9,"1":1},"b":{"0":[2,5],"1":[1,1],"2":[2,3]},"_coverageSchema":"1a1c01bbd47fc00a2c39e90264f33305004495a9","hash":"91d99a3ba10d3b65876ec332e68be70ab74d843d"}
}
