TN:
SF:Commands/Dev/eval.js
FN:9,(anonymous_0)
FN:19,(anonymous_1)
FN:32,(anonymous_2)
FN:33,(anonymous_3)
FN:35,(anonymous_4)
FN:38,(anonymous_5)
FN:42,(anonymous_6)
FN:104,truncate
FNF:8
FNH:7
FNDA:3,(anonymous_0)
FNDA:18,(anonymous_1)
FNDA:12,(anonymous_2)
FNDA:12,(anonymous_3)
FNDA:0,(anonymous_4)
FNDA:8,(anonymous_5)
FNDA:3,(anonymous_6)
FNDA:24,truncate
DA:1,3
DA:3,3
DA:9,3
DA:21,18
DA:22,18
DA:24,18
DA:27,18
DA:28,18
DA:29,6
DA:32,12
DA:33,12
DA:34,12
DA:35,11
DA:37,11
DA:39,8
DA:40,8
DA:43,3
DA:44,3
DA:49,12
DA:50,12
DA:51,12
DA:52,8
DA:54,8
DA:55,8
DA:56,0
DA:57,8
DA:58,0
DA:61,8
DA:62,8
DA:63,8
DA:64,8
DA:65,8
DA:67,8
DA:83,4
DA:84,4
DA:86,4
DA:105,24
LF:37
LH:35
BRDA:28,0,0,6
BRDA:28,0,1,12
BRDA:32,1,0,12
BRDA:52,2,0,4
BRDA:52,2,1,4
BRDA:55,3,0,0
BRDA:55,3,1,8
BRDA:55,4,0,8
BRDA:55,4,1,0
BRDA:56,5,0,0
BRDA:56,5,1,0
BRDA:57,6,0,0
BRDA:57,6,1,8
BRDA:65,7,0,1
BRDA:65,7,1,7
BRDA:84,8,0,1
BRDA:84,8,1,3
BRDA:90,9,0,1
BRDA:90,9,1,3
BRDA:105,10,0,2
BRDA:105,10,1,22
BRF:21
BRH:16
end_of_record
TN:
SF:Commands/Utils/ping.js
FN:12,(anonymous_0)
FNF:1
FNH:1
FNDA:6,(anonymous_0)
DA:1,4
DA:3,4
DA:14,6
DA:16,6
DA:17,6
DA:19,6
DA:31,6
LF:7
LH:7
BRF:0
BRH:0
end_of_record
TN:
SF:Events/Client/ready.js
FN:14,(anonymous_0)
FNF:1
FNH:1
FNDA:4,(anonymous_0)
DA:1,2
DA:2,2
DA:4,2
DA:5,2
DA:7,2
DA:16,4
DA:18,4
DA:20,4
LF:8
LH:8
BRF:0
BRH:0
end_of_record
TN:
SF:Events/Interactions/intrHandler.js
FN:9,(anonymous_0)
FNF:1
FNH:1
FNDA:8,(anonymous_0)
DA:1,2
DA:3,2
DA:10,8
DA:11,4
DA:12,4
DA:13,1
DA:18,3
DA:19,1
DA:24,2
DA:25,4
DA:26,3
DA:27,3
DA:28,3
DA:29,2
DA:31,1
LF:15
LH:15
BRDA:10,0,0,4
BRDA:10,0,1,4
BRDA:12,1,0,1
BRDA:12,1,1,3
BRDA:18,2,0,1
BRDA:18,2,1,2
BRDA:18,3,0,3
BRDA:18,3,1,2
BRDA:25,4,0,3
BRDA:25,4,1,1
BRDA:28,5,0,1
BRDA:28,5,1,2
BRF:12
BRH:12
end_of_record
TN:
SF:Functions/fileLoader.js
FN:5,loadFiles
FN:7,(anonymous_1)
FNF:2
FNH:2
FNDA:6,loadFiles
FNDA:3,(anonymous_1)
DA:1,6
DA:2,6
DA:3,6
DA:6,6
DA:7,5
DA:8,5
DA:10,6
LF:7
LH:7
BRF:0
BRH:0
end_of_record
TN:
SF:Utils/CustomLogger.js
FN:4,(anonymous_0)
FN:8,(anonymous_1)
FNF:2
FNH:2
FNDA:6,(anonymous_0)
FNDA:5,(anonymous_1)
DA:1,1
DA:5,6
DA:9,5
DA:13,1
LF:4
LH:4
BRF:0
BRH:0
end_of_record
TN:
SF:Utils/commandHandler.js
FN:1,loadCommands
FN:14,(anonymous_1)
FNF:2
FNH:2
FNDA:7,loadCommands
FNDA:5,(anonymous_1)
DA:2,7
DA:3,7
DA:4,7
DA:5,7
DA:7,7
DA:8,7
DA:10,7
DA:12,7
DA:14,7
DA:15,5
DA:16,5
DA:17,5
DA:19,5
DA:21,5
DA:22,5
DA:24,1
DA:28,7
DA:30,7
DA:33,2
LF:19
LH:19
BRF:0
BRH:0
end_of_record
TN:
SF:Utils/eventHandler.js
FN:1,loadEvents
FN:14,(anonymous_1)
FNF:2
FNH:2
FNDA:9,loadEvents
FNDA:1,(anonymous_1)
DA:2,9
DA:3,9
DA:4,9
DA:6,9
DA:8,9
DA:10,9
DA:11,8
DA:12,8
DA:14,8
DA:15,8
DA:17,7
DA:18,2
DA:19,1
DA:21,5
DA:22,3
DA:25,7
DA:27,1
DA:31,9
DA:34,1
LF:19
LH:19
BRDA:17,0,0,2
BRDA:17,0,1,5
BRDA:18,1,0,1
BRDA:18,1,1,1
BRDA:21,2,0,2
BRDA:21,2,1,3
BRF:6
BRH:6
end_of_record
